pid  26559: rw-r--r--	  10485760	Fri Mar 23 00:35:18 2018	example/big.bin
pid  26559: rwxr-xr-x	     10240	Fri Mar 23 00:35:18 2018	example/medium.bin
pid  26559: r--------	       400	Fri Mar 23 00:35:18 2018	example/small.bin
pid  26559: rw-------	     18092	Fri Mar 23 00:35:18 2018	example/other
pid  26560: rw-r--r--	  20971520	Fri Mar 23 00:35:18 2018	example/subdir/zeros.bin
pid  26563: rw-r--r--	   6691463	Fri Mar 23 00:35:18 2018	example/subdir/second/graphite.tgz
pid  26562: rw-r--r--	         0	Fri Mar 23 00:35:18 2018	example/subdir/subsubdir/empty
pid  26564: rw-r--r--	         0	Fri Mar 23 22:13:12 2018	example/subdir/subsubdir/plenty1/file1
pid  26568: rw-r--r--	         0	Fri Mar 23 22:13:12 2018	example/subdir/subsubdir/plenty5/file5
pid  26570: rw-r--r--	         0	Fri Mar 23 22:13:12 2018	example/subdir/subsubdir/plenty7/file7
pid  26584: rw-r--r--	         0	Fri Mar 23 22:13:12 2018	example/subdir/subsubdir/plenty19/file19
pid  26585: rw-r--r--	         0	Fri Mar 23 22:13:12 2018	example/subdir/subsubdir/plenty20/file20
pid  26583: rw-r--r--	         0	Fri Mar 23 22:13:12 2018	example/subdir/subsubdir/plenty18/file18
pid  26573: rw-r--r--	         0	Fri Mar 23 22:13:12 2018	example/subdir/subsubdir/plenty10/file10
pid  26572: rw-r--r--	         0	Fri Mar 23 22:13:12 2018	example/subdir/subsubdir/plenty9/file9
pid  26567: rw-r--r--	         0	Fri Mar 23 22:13:12 2018	example/subdir/subsubdir/plenty4/file4
pid  26580: rw-r--r--	         0	Fri Mar 23 22:13:12 2018	example/subdir/subsubdir/plenty15/file15
pid  26566: rw-r--r--	         0	Fri Mar 23 22:13:12 2018	example/subdir/subsubdir/plenty3/file3
pid  26569: rw-r--r--	         0	Fri Mar 23 22:13:12 2018	example/subdir/subsubdir/plenty6/file6
pid  26565: rw-r--r--	         0	Fri Mar 23 22:13:12 2018	example/subdir/subsubdir/plenty2/file2
pid  26579: rw-r--r--	         0	Fri Mar 23 22:13:12 2018	example/subdir/subsubdir/plenty14/file14
pid  26577: rw-r--r--	         0	Fri Mar 23 22:13:12 2018	example/subdir/subsubdir/plenty13/file13
pid  26582: rw-r--r--	         0	Fri Mar 23 22:13:12 2018	example/subdir/subsubdir/plenty17/file17
pid  26586: rw-r--r--	         0	Fri Mar 23 22:13:12 2018	example/subdir/subsubdir/plenty100/file100
pid  26574: rw-r--r--	         0	Fri Mar 23 22:13:12 2018	example/subdir/subsubdir/plenty11/file11
pid  26575: rw-r--r--	         0	Fri Mar 23 22:13:12 2018	example/subdir/subsubdir/plenty12/file12
pid  26581: rw-r--r--	         0	Fri Mar 23 22:13:12 2018	example/subdir/subsubdir/plenty16/file16
pid  26571: rw-r--r--	         0	Fri Mar 23 22:13:12 2018	example/subdir/subsubdir/plenty8/file8
