pid  22905: rw-r--r--	  10485760	Fri Mar 23 00:35:18 2018	example/big.bin
pid  22905: rwxr-xr-x	     10240	Fri Mar 23 00:35:18 2018	example/medium.bin
pid  22905: r--------	       400	Fri Mar 23 00:35:18 2018	example/small.bin
pid  22905: rw-------	     18092	Fri Mar 23 00:35:18 2018	example/other
pid  22911: rw-r--r--	  20971520	Fri Mar 23 00:35:18 2018	example/subdir/zeros.bin
pid  22989: rw-r--r--	   6691463	Fri Mar 23 00:35:18 2018	example/subdir/second/graphite.tgz
pid  22988: rw-r--r--	         0	Fri Mar 23 00:35:18 2018	example/subdir/subsubdir/empty
pid  22990: rw-r--r--	         0	Fri Mar 23 22:13:12 2018	example/subdir/subsubdir/plenty1/file1
pid  22993: rw-r--r--	         0	Fri Mar 23 22:13:12 2018	example/subdir/subsubdir/plenty4/file4
pid  22991: rw-r--r--	         0	Fri Mar 23 22:13:12 2018	example/subdir/subsubdir/plenty2/file2
pid  22995: rw-r--r--	         0	Fri Mar 23 22:13:12 2018	example/subdir/subsubdir/plenty6/file6
pid  22996: rw-r--r--	         0	Fri Mar 23 22:13:12 2018	example/subdir/subsubdir/plenty7/file7
pid  22998: rw-r--r--	         0	Fri Mar 23 22:13:12 2018	example/subdir/subsubdir/plenty9/file9
pid  22999: rw-r--r--	         0	Fri Mar 23 22:13:12 2018	example/subdir/subsubdir/plenty10/file10
pid  23004: rw-r--r--	         0	Fri Mar 23 22:13:12 2018	example/subdir/subsubdir/plenty15/file15
pid  23011: rw-r--r--	         0	Fri Mar 23 22:13:12 2018	example/subdir/subsubdir/plenty22/file22
pid  23014: rw-r--r--	         0	Fri Mar 23 22:13:12 2018	example/subdir/subsubdir/plenty25/file25
pid  23005: rw-r--r--	         0	Fri Mar 23 22:13:12 2018	example/subdir/subsubdir/plenty16/file16
pid  23002: rw-r--r--	         0	Fri Mar 23 22:13:12 2018	example/subdir/subsubdir/plenty13/file13
pid  23000: rw-r--r--	         0	Fri Mar 23 22:13:12 2018	example/subdir/subsubdir/plenty11/file11
pid  23006: rw-r--r--	         0	Fri Mar 23 22:13:12 2018	example/subdir/subsubdir/plenty17/file17
pid  23007: rw-r--r--	         0	Fri Mar 23 22:13:12 2018	example/subdir/subsubdir/plenty18/file18
pid  23008: rw-r--r--	         0	Fri Mar 23 22:13:12 2018	example/subdir/subsubdir/plenty19/file19
pid  23009: rw-r--r--	         0	Fri Mar 23 22:13:12 2018	example/subdir/subsubdir/plenty20/file20
pid  23010: rw-r--r--	         0	Fri Mar 23 22:13:12 2018	example/subdir/subsubdir/plenty21/file21
pid  23012: rw-r--r--	         0	Fri Mar 23 22:13:12 2018	example/subdir/subsubdir/plenty23/file23
pid  23001: rw-r--r--	         0	Fri Mar 23 22:13:12 2018	example/subdir/subsubdir/plenty12/file12
pid  22997: rw-r--r--	         0	Fri Mar 23 22:13:12 2018	example/subdir/subsubdir/plenty8/file8
pid  23003: rw-r--r--	         0	Fri Mar 23 22:13:12 2018	example/subdir/subsubdir/plenty14/file14
pid  22994: rw-r--r--	         0	Fri Mar 23 22:13:12 2018	example/subdir/subsubdir/plenty5/file5
pid  22992: rw-r--r--	         0	Fri Mar 23 22:13:12 2018	example/subdir/subsubdir/plenty3/file3
pid  23018: rw-r--r--	         0	Fri Mar 23 22:13:12 2018	example/subdir/subsubdir/plenty28/file28
pid  23020: rw-r--r--	         0	Fri Mar 23 22:13:12 2018	example/subdir/subsubdir/plenty30/file30
pid  23021: rw-r--r--	         0	Fri Mar 23 22:13:12 2018	example/subdir/subsubdir/plenty31/file31
pid  23040: rw-r--r--	         0	Fri Mar 23 22:13:12 2018	example/subdir/subsubdir/plenty50/file50
pid  23025: rw-r--r--	         0	Fri Mar 23 22:13:12 2018	example/subdir/subsubdir/plenty35/file35
pid  23026: rw-r--r--	         0	Fri Mar 23 22:13:12 2018	example/subdir/subsubdir/plenty36/file36
pid  23030: rw-r--r--	         0	Fri Mar 23 22:13:12 2018	example/subdir/subsubdir/plenty40/file40
pid  23032: rw-r--r--	         0	Fri Mar 23 22:13:12 2018	example/subdir/subsubdir/plenty42/file42
pid  23034: rw-r--r--	         0	Fri Mar 23 22:13:12 2018	example/subdir/subsubdir/plenty44/file44
pid  23063: rw-r--r--	         0	Fri Mar 23 22:13:12 2018	example/subdir/subsubdir/plenty73/file73
pid  23037: rw-r--r--	         0	Fri Mar 23 22:13:12 2018	example/subdir/subsubdir/plenty47/file47
pid  23039: rw-r--r--	         0	Fri Mar 23 22:13:12 2018	example/subdir/subsubdir/plenty49/file49
pid  23041: rw-r--r--	         0	Fri Mar 23 22:13:12 2018	example/subdir/subsubdir/plenty51/file51
pid  23022: rw-r--r--	         0	Fri Mar 23 22:13:12 2018	example/subdir/subsubdir/plenty32/file32
pid  23042: rw-r--r--	         0	Fri Mar 23 22:13:12 2018	example/subdir/subsubdir/plenty52/file52
pid  23043: rw-r--r--	         0	Fri Mar 23 22:13:12 2018	example/subdir/subsubdir/plenty53/file53
pid  23046: rw-r--r--	         0	Fri Mar 23 22:13:12 2018	example/subdir/subsubdir/plenty56/file56
pid  23085: rw-r--r--	         0	Fri Mar 23 22:13:12 2018	example/subdir/subsubdir/plenty95/file95
pid  23050: rw-r--r--	         0	Fri Mar 23 22:13:12 2018	example/subdir/subsubdir/plenty60/file60
pid  23049: rw-r--r--	         0	Fri Mar 23 22:13:12 2018	example/subdir/subsubdir/plenty59/file59
pid  23090: rw-r--r--	         0	Fri Mar 23 22:13:12 2018	example/subdir/subsubdir/plenty100/file100
pid  23052: rw-r--r--	         0	Fri Mar 23 22:13:12 2018	example/subdir/subsubdir/plenty62/file62
pid  23056: rw-r--r--	         0	Fri Mar 23 22:13:12 2018	example/subdir/subsubdir/plenty66/file66
pid  23058: rw-r--r--	         0	Fri Mar 23 22:13:12 2018	example/subdir/subsubdir/plenty68/file68
pid  23059: rw-r--r--	         0	Fri Mar 23 22:13:12 2018	example/subdir/subsubdir/plenty69/file69
pid  23064: rw-r--r--	         0	Fri Mar 23 22:13:12 2018	example/subdir/subsubdir/plenty74/file74
pid  23066: rw-r--r--	         0	Fri Mar 23 22:13:12 2018	example/subdir/subsubdir/plenty76/file76
pid  23067: rw-r--r--	         0	Fri Mar 23 22:13:12 2018	example/subdir/subsubdir/plenty77/file77
pid  23068: rw-r--r--	         0	Fri Mar 23 22:13:12 2018	example/subdir/subsubdir/plenty78/file78
pid  23065: rw-r--r--	         0	Fri Mar 23 22:13:12 2018	example/subdir/subsubdir/plenty75/file75
pid  23089: rw-r--r--	         0	Fri Mar 23 22:13:12 2018	example/subdir/subsubdir/plenty99/file99
pid  23048: rw-r--r--	         0	Fri Mar 23 22:13:12 2018	example/subdir/subsubdir/plenty58/file58
pid  23055: rw-r--r--	         0	Fri Mar 23 22:13:12 2018	example/subdir/subsubdir/plenty65/file65
pid  23024: rw-r--r--	         0	Fri Mar 23 22:13:12 2018	example/subdir/subsubdir/plenty34/file34
pid  23080: rw-r--r--	         0	Fri Mar 23 22:13:12 2018	example/subdir/subsubdir/plenty90/file90
pid  23013: rw-r--r--	         0	Fri Mar 23 22:13:12 2018	example/subdir/subsubdir/plenty24/file24
pid  23069: rw-r--r--	         0	Fri Mar 23 22:13:12 2018	example/subdir/subsubdir/plenty79/file79
pid  23031: rw-r--r--	         0	Fri Mar 23 22:13:12 2018	example/subdir/subsubdir/plenty41/file41
pid  23076: rw-r--r--	         0	Fri Mar 23 22:13:12 2018	example/subdir/subsubdir/plenty86/file86
pid  23035: rw-r--r--	         0	Fri Mar 23 22:13:12 2018	example/subdir/subsubdir/plenty45/file45
pid  23077: rw-r--r--	         0	Fri Mar 23 22:13:12 2018	example/subdir/subsubdir/plenty87/file87
pid  23070: rw-r--r--	         0	Fri Mar 23 22:13:12 2018	example/subdir/subsubdir/plenty80/file80
pid  23081: rw-r--r--	         0	Fri Mar 23 22:13:12 2018	example/subdir/subsubdir/plenty91/file91
pid  23061: rw-r--r--	         0	Fri Mar 23 22:13:12 2018	example/subdir/subsubdir/plenty71/file71
pid  23027: rw-r--r--	         0	Fri Mar 23 22:13:12 2018	example/subdir/subsubdir/plenty37/file37
pid  23038: rw-r--r--	         0	Fri Mar 23 22:13:12 2018	example/subdir/subsubdir/plenty48/file48
pid  23044: rw-r--r--	         0	Fri Mar 23 22:13:12 2018	example/subdir/subsubdir/plenty54/file54
pid  23082: rw-r--r--	         0	Fri Mar 23 22:13:12 2018	example/subdir/subsubdir/plenty92/file92
pid  23045: rw-r--r--	         0	Fri Mar 23 22:13:12 2018	example/subdir/subsubdir/plenty55/file55
pid  23071: rw-r--r--	         0	Fri Mar 23 22:13:12 2018	example/subdir/subsubdir/plenty81/file81
pid  23062: rw-r--r--	         0	Fri Mar 23 22:13:12 2018	example/subdir/subsubdir/plenty72/file72
pid  23036: rw-r--r--	         0	Fri Mar 23 22:13:12 2018	example/subdir/subsubdir/plenty46/file46
pid  23084: rw-r--r--	         0	Fri Mar 23 22:13:12 2018	example/subdir/subsubdir/plenty94/file94
pid  23073: rw-r--r--	         0	Fri Mar 23 22:13:12 2018	example/subdir/subsubdir/plenty83/file83
pid  23086: rw-r--r--	         0	Fri Mar 23 22:13:12 2018	example/subdir/subsubdir/plenty96/file96
pid  23023: rw-r--r--	         0	Fri Mar 23 22:13:12 2018	example/subdir/subsubdir/plenty33/file33
pid  23087: rw-r--r--	         0	Fri Mar 23 22:13:12 2018	example/subdir/subsubdir/plenty97/file97
pid  23029: rw-r--r--	         0	Fri Mar 23 22:13:12 2018	example/subdir/subsubdir/plenty39/file39
pid  23088: rw-r--r--	         0	Fri Mar 23 22:13:12 2018	example/subdir/subsubdir/plenty98/file98
pid  23051: rw-r--r--	         0	Fri Mar 23 22:13:12 2018	example/subdir/subsubdir/plenty61/file61
pid  23083: rw-r--r--	         0	Fri Mar 23 22:13:12 2018	example/subdir/subsubdir/plenty93/file93
pid  23028: rw-r--r--	         0	Fri Mar 23 22:13:12 2018	example/subdir/subsubdir/plenty38/file38
pid  23075: rw-r--r--	         0	Fri Mar 23 22:13:12 2018	example/subdir/subsubdir/plenty85/file85
pid  23033: rw-r--r--	         0	Fri Mar 23 22:13:12 2018	example/subdir/subsubdir/plenty43/file43
pid  23057: rw-r--r--	         0	Fri Mar 23 22:13:12 2018	example/subdir/subsubdir/plenty67/file67
pid  23054: rw-r--r--	         0	Fri Mar 23 22:13:12 2018	example/subdir/subsubdir/plenty64/file64
pid  23047: rw-r--r--	         0	Fri Mar 23 22:13:12 2018	example/subdir/subsubdir/plenty57/file57
pid  23016: rw-r--r--	         0	Fri Mar 23 22:13:12 2018	example/subdir/subsubdir/plenty27/file27
pid  23019: rw-r--r--	         0	Fri Mar 23 22:13:12 2018	example/subdir/subsubdir/plenty29/file29
pid  23079: rw-r--r--	         0	Fri Mar 23 22:13:12 2018	example/subdir/subsubdir/plenty89/file89
pid  23078: rw-r--r--	         0	Fri Mar 23 22:13:12 2018	example/subdir/subsubdir/plenty88/file88
pid  23074: rw-r--r--	         0	Fri Mar 23 22:13:12 2018	example/subdir/subsubdir/plenty84/file84
pid  23060: rw-r--r--	         0	Fri Mar 23 22:13:12 2018	example/subdir/subsubdir/plenty70/file70
pid  23072: rw-r--r--	         0	Fri Mar 23 22:13:12 2018	example/subdir/subsubdir/plenty82/file82
pid  23053: rw-r--r--	         0	Fri Mar 23 22:13:12 2018	example/subdir/subsubdir/plenty63/file63
pid  23015: rw-r--r--	         0	Fri Mar 23 22:13:12 2018	example/subdir/subsubdir/plenty26/file26
