  4395: main() 
  4395: pre-display_dir(example) in main in 4395 27312sson
  4395: display_dir(example) in pid 4395 27312sson
  4396: scanning dir example in pid 4396 4395sson
  4396: rw-r--r--	  10485760	Fri Mar 23 00:35:18 2018	example/big.bin
  4396: rwxr-xr-x	     10240	Fri Mar 23 00:35:18 2018	example/medium.bin
  4396: r--------	       400	Fri Mar 23 00:35:18 2018	example/small.bin
  4396: rw-------	     18092	Fri Mar 23 00:35:18 2018	example/other
  4396: display_dir(example/subdir) in pid 4396 4395sson
  4397: scanning dir example/subdir in pid 4397 4396sson
  4397: rw-r--r--	  20971520	Fri Mar 23 00:35:18 2018	example/subdir/zeros.bin
  4397: display_dir(example/subdir/subsubdir) in pid 4397 4396sson
  4398: scanning dir example/subdir/subsubdir in pid 4398 4397sson
  4398: rw-r--r--	         0	Fri Mar 23 00:35:18 2018	example/subdir/subsubdir/empty
  4398: scanned dir example/subdir/subsubdir in pid 4398 4397sson
  4398: display_dir(example/subdir/second) in pid 4398 4397sson
  4399: scanning dir example/subdir/second in pid 4399 4398sson
  4399: rw-r--r--	   6691463	Fri Mar 23 00:35:18 2018	example/subdir/second/graphite.tgz
  4399: scanned dir example/subdir/second in pid 4399 4398sson
  4399: scanned dir example/subdir in pid 4399 4398sson
  4399: scanned dir example in pid 4399 4398sson
  4395: main() 
  4395: pre-display_dir(example) in main in 4395 27312sson
  4395: display_dir(example) in pid 4395 27312sson
  4396: scanning dir example in pid 4396 4395sson
  4396: rw-r--r--	  10485760	Fri Mar 23 00:35:18 2018	example/big.bin
  4396: rwxr-xr-x	     10240	Fri Mar 23 00:35:18 2018	example/medium.bin
  4396: r--------	       400	Fri Mar 23 00:35:18 2018	example/small.bin
  4396: rw-------	     18092	Fri Mar 23 00:35:18 2018	example/other
  4396: display_dir(example/subdir) in pid 4396 4395sson
  4397: scanning dir example/subdir in pid 4397 4396sson
  4397: rw-r--r--	  20971520	Fri Mar 23 00:35:18 2018	example/subdir/zeros.bin
  4397: display_dir(example/subdir/subsubdir) in pid 4397 4396sson
  4398: scanning dir example/subdir/subsubdir in pid 4398 4397sson
  4398: rw-r--r--	         0	Fri Mar 23 00:35:18 2018	example/subdir/subsubdir/empty
  4398: scanned dir example/subdir/subsubdir in pid 4398 4397sson
  4398: display_dir(example/subdir/second) in pid 4398 4397sson
  4398: wait() in pid 4398 4397sson
  4398: child 4399 finished with status 0
  4398: scanned dir example/subdir in pid 4398 4397sson
  4398: scanned dir example in pid 4398 4397sson
  4395: main() 
  4395: pre-display_dir(example) in main in 4395 27312sson
  4395: display_dir(example) in pid 4395 27312sson
  4396: scanning dir example in pid 4396 4395sson
  4396: rw-r--r--	  10485760	Fri Mar 23 00:35:18 2018	example/big.bin
  4396: rwxr-xr-x	     10240	Fri Mar 23 00:35:18 2018	example/medium.bin
  4396: r--------	       400	Fri Mar 23 00:35:18 2018	example/small.bin
  4396: rw-------	     18092	Fri Mar 23 00:35:18 2018	example/other
  4396: display_dir(example/subdir) in pid 4396 4395sson
  4397: scanning dir example/subdir in pid 4397 4396sson
  4397: rw-r--r--	  20971520	Fri Mar 23 00:35:18 2018	example/subdir/zeros.bin
  4397: display_dir(example/subdir/subsubdir) in pid 4397 4396sson
  4397: wait() in pid 4397 4396sson
  4397: child 4398 finished with status 0
  4397: display_dir(example/subdir/second) in pid 4397 4396sson
  4400: scanning dir example/subdir/second in pid 4400 4397sson
  4400: rw-r--r--	   6691463	Fri Mar 23 00:35:18 2018	example/subdir/second/graphite.tgz
  4400: scanned dir example/subdir/second in pid 4400 4397sson
  4400: scanned dir example/subdir in pid 4400 4397sson
  4400: scanned dir example in pid 4400 4397sson
  4395: main() 
  4395: pre-display_dir(example) in main in 4395 27312sson
  4395: display_dir(example) in pid 4395 27312sson
  4396: scanning dir example in pid 4396 4395sson
  4396: rw-r--r--	  10485760	Fri Mar 23 00:35:18 2018	example/big.bin
  4396: rwxr-xr-x	     10240	Fri Mar 23 00:35:18 2018	example/medium.bin
  4396: r--------	       400	Fri Mar 23 00:35:18 2018	example/small.bin
  4396: rw-------	     18092	Fri Mar 23 00:35:18 2018	example/other
  4396: display_dir(example/subdir) in pid 4396 4395sson
  4397: scanning dir example/subdir in pid 4397 4396sson
  4397: rw-r--r--	  20971520	Fri Mar 23 00:35:18 2018	example/subdir/zeros.bin
  4397: display_dir(example/subdir/subsubdir) in pid 4397 4396sson
  4397: wait() in pid 4397 4396sson
  4397: child 4398 finished with status 0
  4397: display_dir(example/subdir/second) in pid 4397 4396sson
  4397: wait() in pid 4397 4396sson
  4397: child 4400 finished with status 0
  4397: scanned dir example/subdir in pid 4397 4396sson
  4397: scanned dir example in pid 4397 4396sson
  4395: main() 
  4395: pre-display_dir(example) in main in 4395 27312sson
  4395: display_dir(example) in pid 4395 27312sson
  4396: scanning dir example in pid 4396 4395sson
  4396: rw-r--r--	  10485760	Fri Mar 23 00:35:18 2018	example/big.bin
  4396: rwxr-xr-x	     10240	Fri Mar 23 00:35:18 2018	example/medium.bin
  4396: r--------	       400	Fri Mar 23 00:35:18 2018	example/small.bin
  4396: rw-------	     18092	Fri Mar 23 00:35:18 2018	example/other
  4396: display_dir(example/subdir) in pid 4396 4395sson
  4396: wait() in pid 4396 4395sson
  4396: child 4397 finished with status 0
  4396: scanned dir example in pid 4396 4395sson
  4395: main() 
  4395: pre-display_dir(example) in main in 4395 27312sson
  4395: display_dir(example) in pid 4395 27312sson
  4395: wait() in pid 4395 27312sson
  4395: child 4396 finished with status 0
